# JRE version: OpenJDK Runtime Environment (11.0.3+12) (build 11.0.3+12-b304.56)
# Java VM: OpenJDK 64-Bit Server VM (11.0.3+12-b304.56, mixed mode, sharing, tiered, compressed oops, g1 gc, windows-amd64)
Heap:
 garbage-first heap   total 78848K, used 14917K [0x00000000c1800000, 0x0000000100000000)
  region size 1024K, 3 young (3072K), 3 survivors (3072K)
 Metaspace       used 25211K, capacity 26271K, committed 26416K, reserved 1071104K
  class space    used 3468K, capacity 3900K, committed 3968K, reserved 1048576K
GC Heap History (10 events):
Event: 6.481 GC heap after
{Heap after GC invocations=5 (full 0):
 garbage-first heap   total 65536K, used 10521K [0x00000000c1800000, 0x0000000100000000)
  region size 1024K, 3 young (3072K), 3 survivors (3072K)
 Metaspace       used 16478K, capacity 17282K, committed 17536K, reserved 1064960K
  class space    used 2281K, capacity 2582K, committed 2688K, reserved 1048576K
}
Event: 6.495 GC heap before
{Heap before GC invocations=5 (full 0):
 garbage-first heap   total 65536K, used 36121K [0x00000000c1800000, 0x0000000100000000)
  region size 1024K, 29 young (29696K), 3 survivors (3072K)
 Metaspace       used 16509K, capacity 17314K, committed 17536K, reserved 1064960K
  class space    used 2288K, capacity 2614K, committed 2688K, reserved 1048576K
}
Event: 6.499 GC heap after
{Heap after GC invocations=6 (full 0):
 garbage-first heap   total 65536K, used 10626K [0x00000000c1800000, 0x0000000100000000)
  region size 1024K, 3 young (3072K), 3 survivors (3072K)
 Metaspace       used 16509K, capacity 17314K, committed 17536K, reserved 1064960K
  class space    used 2288K, capacity 2614K, committed 2688K, reserved 1048576K
}
Event: 7.446 GC heap before
{Heap before GC invocations=6 (full 0):
 garbage-first heap   total 65536K, used 37250K [0x00000000c1800000, 0x0000000100000000)
  region size 1024K, 30 young (30720K), 3 survivors (3072K)
 Metaspace       used 18474K, capacity 19279K, committed 19584K, reserved 1067008K
  class space    used 2543K, capacity 2865K, committed 2944K, reserved 1048576K
}
Event: 7.450 GC heap after
{Heap after GC invocations=7 (full 0):
 garbage-first heap   total 65536K, used 11181K [0x00000000c1800000, 0x0000000100000000)
  region size 1024K, 3 young (3072K), 3 survivors (3072K)
 Metaspace       used 18474K, capacity 19279K, committed 19584K, reserved 1067008K
  class space    used 2543K, capacity 2865K, committed 2944K, reserved 1048576K
}
Event: 8.697 GC heap before
{Heap before GC invocations=7 (full 0):
 garbage-first heap   total 65536K, used 41901K [0x00000000c1800000, 0x0000000100000000)
  region size 1024K, 34 young (34816K), 3 survivors (3072K)
 Metaspace       used 20330K, capacity 21172K, committed 21296K, reserved 1067008K
  class space    used 2810K, capacity 3170K, committed 3200K, reserved 1048576K
}
Event: 8.708 GC heap after
{Heap after GC invocations=8 (full 0):
 garbage-first heap   total 65536K, used 12219K [0x00000000c1800000, 0x0000000100000000)
  region size 1024K, 4 young (4096K), 4 survivors (4096K)
 Metaspace       used 20330K, capacity 21172K, committed 21296K, reserved 1067008K
  class space    used 2810K, capacity 3170K, committed 3200K, reserved 1048576K
}
Event: 10.271 GC heap before
{Heap before GC invocations=9 (full 0):
 garbage-first heap   total 65536K, used 43963K [0x00000000c1800000, 0x0000000100000000)
  region size 1024K, 35 young (35840K), 4 survivors (4096K)
 Metaspace       used 23925K, capacity 24964K, committed 25264K, reserved 1071104K
  class space    used 3349K, capacity 3790K, committed 3840K, reserved 1048576K
}
Event: 10.296 GC heap after
{Heap after GC invocations=10 (full 0):
 garbage-first heap   total 65536K, used 14122K [0x00000000c1800000, 0x0000000100000000)
  region size 1024K, 4 young (4096K), 4 survivors (4096K)
 Metaspace       used 23925K, capacity 24964K, committed 25264K, reserved 1071104K
  class space    used 3349K, capacity 3790K, committed 3840K, reserved 1048576K
}
Event: 11.596 GC heap before
{Heap before GC invocations=10 (full 0):
 garbage-first heap   total 65536K, used 45866K [0x00000000c1800000, 0x0000000100000000)
  region size 1024K, 36 young (36864K), 4 survivors (4096K)
 Metaspace       used 25211K, capacity 26271K, committed 26416K, reserved 1071104K
  class space    used 3468K, capacity 3900K, committed 3968K, reserved 1048576K
}

