# JRE version: OpenJDK Runtime Environment (11.0.3+12) (build 11.0.3+12-b304.56)
# Java VM: OpenJDK 64-Bit Server VM (11.0.3+12-b304.56, mixed mode, sharing, tiered, compressed oops, g1 gc, windows-amd64)
Heap:
 garbage-first heap   total 78848K, used 9742K [0x00000000c1800000, 0x0000000100000000)
  region size 1024K, 3 young (3072K), 3 survivors (3072K)
 Metaspace       used 17748K, capacity 18541K, committed 18688K, reserved 1064960K
  class space    used 2454K, capacity 2771K, committed 2816K, reserved 1048576K
GC Heap History (9 events):
Event: 1.272 GC heap before
{Heap before GC invocations=0 (full 0):
 garbage-first heap   total 65536K, used 13312K [0x00000000c1800000, 0x0000000100000000)
  region size 1024K, 14 young (14336K), 0 survivors (0K)
 Metaspace       used 5215K, capacity 5593K, committed 5632K, reserved 1056768K
  class space    used 651K, capacity 767K, committed 768K, reserved 1048576K
}
Event: 1.282 GC heap after
{Heap after GC invocations=1 (full 0):
 garbage-first heap   total 65536K, used 5474K [0x00000000c1800000, 0x0000000100000000)
  region size 1024K, 2 young (2048K), 2 survivors (2048K)
 Metaspace       used 5215K, capacity 5593K, committed 5632K, reserved 1056768K
  class space    used 651K, capacity 767K, committed 768K, reserved 1048576K
}
Event: 1.463 GC heap before
{Heap before GC invocations=1 (full 0):
 garbage-first heap   total 65536K, used 12642K [0x00000000c1800000, 0x0000000100000000)
  region size 1024K, 9 young (9216K), 2 survivors (2048K)
 Metaspace       used 6278K, capacity 6617K, committed 6912K, reserved 1056768K
  class space    used 781K, capacity 918K, committed 1024K, reserved 1048576K
}
Event: 1.470 GC heap after
{Heap after GC invocations=2 (full 0):
 garbage-first heap   total 65536K, used 6433K [0x00000000c1800000, 0x0000000100000000)
  region size 1024K, 1 young (1024K), 1 survivors (1024K)
 Metaspace       used 6278K, capacity 6617K, committed 6912K, reserved 1056768K
  class space    used 781K, capacity 918K, committed 1024K, reserved 1048576K
}
Event: 1.783 GC heap before
{Heap before GC invocations=2 (full 0):
 garbage-first heap   total 65536K, used 26913K [0x00000000c1800000, 0x0000000100000000)
  region size 1024K, 22 young (22528K), 1 survivors (1024K)
 Metaspace       used 10217K, capacity 10857K, committed 10880K, reserved 1058816K
  class space    used 1378K, capacity 1650K, committed 1664K, reserved 1048576K
}
Event: 1.797 GC heap after
{Heap after GC invocations=3 (full 0):
 garbage-first heap   total 65536K, used 7673K [0x00000000c1800000, 0x0000000100000000)
  region size 1024K, 2 young (2048K), 2 survivors (2048K)
 Metaspace       used 10217K, capacity 10857K, committed 10880K, reserved 1058816K
  class space    used 1378K, capacity 1650K, committed 1664K, reserved 1048576K
}
Event: 2.012 GC heap before
{Heap before GC invocations=3 (full 0):
 garbage-first heap   total 65536K, used 31225K [0x00000000c1800000, 0x0000000100000000)
  region size 1024K, 26 young (26624K), 2 survivors (2048K)
 Metaspace       used 13374K, capacity 14039K, committed 14336K, reserved 1060864K
  class space    used 1918K, capacity 2198K, committed 2304K, reserved 1048576K
}
Event: 2.017 GC heap after
{Heap after GC invocations=4 (full 0):
 garbage-first heap   total 65536K, used 8489K [0x00000000c1800000, 0x0000000100000000)
  region size 1024K, 3 young (3072K), 3 survivors (3072K)
 Metaspace       used 13374K, capacity 14039K, committed 14336K, reserved 1060864K
  class space    used 1918K, capacity 2198K, committed 2304K, reserved 1048576K
}
Event: 2.364 GC heap before
{Heap before GC invocations=4 (full 0):
 garbage-first heap   total 65536K, used 34089K [0x00000000c1800000, 0x0000000100000000)
  region size 1024K, 29 young (29696K), 3 survivors (3072K)
 Metaspace       used 17748K, capacity 18541K, committed 18688K, reserved 1064960K
  class space    used 2454K, capacity 2771K, committed 2816K, reserved 1048576K
}

