# JRE version: OpenJDK Runtime Environment (11.0.3+12) (build 11.0.3+12-b304.56)
# Java VM: OpenJDK 64-Bit Server VM (11.0.3+12-b304.56, mixed mode, sharing, tiered, compressed oops, g1 gc, windows-amd64)
Heap:
 garbage-first heap   total 65536K, used 19450K [0x00000000c1800000, 0x0000000100000000)
  region size 1024K, 3 young (3072K), 3 survivors (3072K)
 Metaspace       used 32218K, capacity 33387K, committed 33456K, reserved 1085440K
  class space    used 4320K, capacity 4823K, committed 4864K, reserved 1048576K
GC Heap History (10 events):
Event: 14.905 GC heap before
{Heap before GC invocations=7 (full 0):
 garbage-first heap   total 65536K, used 44949K [0x00000000c1800000, 0x0000000100000000)
  region size 1024K, 36 young (36864K), 2 survivors (2048K)
 Metaspace       used 20309K, capacity 21202K, committed 21296K, reserved 1067008K
  class space    used 2817K, capacity 3178K, committed 3200K, reserved 1048576K
}
Event: 14.927 GC heap after
{Heap after GC invocations=8 (full 0):
 garbage-first heap   total 65536K, used 12288K [0x00000000c1800000, 0x0000000100000000)
  region size 1024K, 3 young (3072K), 3 survivors (3072K)
 Metaspace       used 20309K, capacity 21202K, committed 21296K, reserved 1067008K
  class space    used 2817K, capacity 3178K, committed 3200K, reserved 1048576K
}
Event: 17.784 GC heap before
{Heap before GC invocations=9 (full 0):
 garbage-first heap   total 65536K, used 46080K [0x00000000c1800000, 0x0000000100000000)
  region size 1024K, 36 young (36864K), 3 survivors (3072K)
 Metaspace       used 24272K, capacity 25429K, committed 25648K, reserved 1071104K
  class space    used 3426K, capacity 3880K, committed 3968K, reserved 1048576K
}
Event: 17.796 GC heap after
{Heap after GC invocations=10 (full 0):
 garbage-first heap   total 65536K, used 14639K [0x00000000c1800000, 0x0000000100000000)
  region size 1024K, 5 young (5120K), 5 survivors (5120K)
 Metaspace       used 24272K, capacity 25429K, committed 25648K, reserved 1071104K
  class space    used 3426K, capacity 3880K, committed 3968K, reserved 1048576K
}
Event: 18.145 GC heap before
{Heap before GC invocations=10 (full 0):
 garbage-first heap   total 65536K, used 46383K [0x00000000c1800000, 0x0000000100000000)
  region size 1024K, 37 young (37888K), 5 survivors (5120K)
 Metaspace       used 25728K, capacity 26857K, committed 27056K, reserved 1073152K
  class space    used 3559K, capacity 4014K, committed 4096K, reserved 1048576K
}
Event: 18.156 GC heap after
{Heap after GC invocations=11 (full 0):
 garbage-first heap   total 65536K, used 15384K [0x00000000c1800000, 0x0000000100000000)
  region size 1024K, 4 young (4096K), 4 survivors (4096K)
 Metaspace       used 25728K, capacity 26857K, committed 27056K, reserved 1073152K
  class space    used 3559K, capacity 4014K, committed 4096K, reserved 1048576K
}
Event: 18.977 GC heap before
{Heap before GC invocations=11 (full 0):
 garbage-first heap   total 65536K, used 48152K [0x00000000c1800000, 0x0000000100000000)
  region size 1024K, 37 young (37888K), 4 survivors (4096K)
 Metaspace       used 28766K, capacity 29964K, committed 30128K, reserved 1075200K
  class space    used 3848K, capacity 4324K, committed 4352K, reserved 1048576K
}
Event: 18.984 GC heap after
{Heap after GC invocations=12 (full 0):
 garbage-first heap   total 65536K, used 16534K [0x00000000c1800000, 0x0000000100000000)
  region size 1024K, 2 young (2048K), 2 survivors (2048K)
 Metaspace       used 28766K, capacity 29964K, committed 30128K, reserved 1075200K
  class space    used 3848K, capacity 4324K, committed 4352K, reserved 1048576K
}
Event: 20.941 GC heap before
{Heap before GC invocations=12 (full 0):
 garbage-first heap   total 65536K, used 37014K [0x00000000c1800000, 0x0000000100000000)
  region size 1024K, 21 young (21504K), 2 survivors (2048K)
 Metaspace       used 32218K, capacity 33387K, committed 33456K, reserved 1083392K
  class space    used 4320K, capacity 4823K, committed 4864K, reserved 1048576K
}
Event: 20.946 GC heap after
{Heap after GC invocations=13 (full 0):
 garbage-first heap   total 65536K, used 19450K [0x00000000c1800000, 0x0000000100000000)
  region size 1024K, 3 young (3072K), 3 survivors (3072K)
 Metaspace       used 32218K, capacity 33387K, committed 33456K, reserved 1083392K
  class space    used 4320K, capacity 4823K, committed 4864K, reserved 1048576K
}

