# JRE version: OpenJDK Runtime Environment (11.0.3+12) (build 11.0.3+12-b304.56)
# Java VM: OpenJDK 64-Bit Server VM (11.0.3+12-b304.56, mixed mode, sharing, tiered, compressed oops, g1 gc, windows-amd64)
Heap:
 garbage-first heap   total 78848K, used 9491K [0x00000000c1800000, 0x0000000100000000)
  region size 1024K, 2 young (2048K), 2 survivors (2048K)
 Metaspace       used 17941K, capacity 18766K, committed 18944K, reserved 1064960K
  class space    used 2477K, capacity 2803K, committed 2816K, reserved 1048576K
GC Heap History (9 events):
Event: 1.303 GC heap before
{Heap before GC invocations=0 (full 0):
 garbage-first heap   total 65536K, used 14336K [0x00000000c1800000, 0x0000000100000000)
  region size 1024K, 14 young (14336K), 0 survivors (0K)
 Metaspace       used 5199K, capacity 5593K, committed 5632K, reserved 1056768K
  class space    used 651K, capacity 767K, committed 768K, reserved 1048576K
}
Event: 1.316 GC heap after
{Heap after GC invocations=1 (full 0):
 garbage-first heap   total 65536K, used 5546K [0x00000000c1800000, 0x0000000100000000)
  region size 1024K, 2 young (2048K), 2 survivors (2048K)
 Metaspace       used 5199K, capacity 5593K, committed 5632K, reserved 1056768K
  class space    used 651K, capacity 767K, committed 768K, reserved 1048576K
}
Event: 1.561 GC heap before
{Heap before GC invocations=1 (full 0):
 garbage-first heap   total 65536K, used 11690K [0x00000000c1800000, 0x0000000100000000)
  region size 1024K, 9 young (9216K), 2 survivors (2048K)
 Metaspace       used 6279K, capacity 6617K, committed 6912K, reserved 1056768K
  class space    used 784K, capacity 921K, committed 1024K, reserved 1048576K
}
Event: 1.569 GC heap after
{Heap after GC invocations=2 (full 0):
 garbage-first heap   total 65536K, used 6335K [0x00000000c1800000, 0x0000000100000000)
  region size 1024K, 1 young (1024K), 1 survivors (1024K)
 Metaspace       used 6279K, capacity 6617K, committed 6912K, reserved 1056768K
  class space    used 784K, capacity 921K, committed 1024K, reserved 1048576K
}
Event: 1.961 GC heap before
{Heap before GC invocations=2 (full 0):
 garbage-first heap   total 65536K, used 27839K [0x00000000c1800000, 0x0000000100000000)
  region size 1024K, 22 young (22528K), 1 survivors (1024K)
 Metaspace       used 10451K, capacity 11063K, committed 11136K, reserved 1058816K
  class space    used 1412K, capacity 1654K, committed 1664K, reserved 1048576K
}
Event: 1.973 GC heap after
{Heap after GC invocations=3 (full 0):
 garbage-first heap   total 65536K, used 7646K [0x00000000c1800000, 0x0000000100000000)
  region size 1024K, 2 young (2048K), 2 survivors (2048K)
 Metaspace       used 10451K, capacity 11063K, committed 11136K, reserved 1058816K
  class space    used 1412K, capacity 1654K, committed 1664K, reserved 1048576K
}
Event: 2.203 GC heap before
{Heap before GC invocations=3 (full 0):
 garbage-first heap   total 65536K, used 30174K [0x00000000c1800000, 0x0000000100000000)
  region size 1024K, 25 young (25600K), 2 survivors (2048K)
 Metaspace       used 13568K, capacity 14258K, committed 14592K, reserved 1060864K
  class space    used 1934K, capacity 2207K, committed 2304K, reserved 1048576K
}
Event: 2.209 GC heap after
{Heap after GC invocations=4 (full 0):
 garbage-first heap   total 65536K, used 8579K [0x00000000c1800000, 0x0000000100000000)
  region size 1024K, 3 young (3072K), 3 survivors (3072K)
 Metaspace       used 13568K, capacity 14258K, committed 14592K, reserved 1060864K
  class space    used 1934K, capacity 2207K, committed 2304K, reserved 1048576K
}
Event: 2.559 GC heap before
{Heap before GC invocations=4 (full 0):
 garbage-first heap   total 65536K, used 33155K [0x00000000c1800000, 0x0000000100000000)
  region size 1024K, 28 young (28672K), 3 survivors (3072K)
 Metaspace       used 17941K, capacity 18766K, committed 18944K, reserved 1064960K
  class space    used 2477K, capacity 2803K, committed 2816K, reserved 1048576K
}

